<?xml version="1.0" encoding="UTF-8"?>
<!-- Generated by org.testng.reporters.JUnitReportReporter -->
<testsuite hostname="DESKTOP-6VUTV55" name="framworkpractice.HomePage" tests="2" failures="0" timestamp="6 Apr 2019 10:46:00 GMT" time="88.498" errors="0">
  <testcase name="navigate" time="32.940" classname="framworkpractice.HomePage"/>
  <testcase name="navigate" time="55.558" classname="framworkpractice.HomePage"/>
</testsuite> <!-- framworkpractice.HomePage -->
