<?xml version="1.0" encoding="UTF-8"?>
<!-- Generated by org.testng.reporters.JUnitReportReporter -->
<testsuite hostname="DESKTOP-6VUTV55" name="framworkpractice.ValidationPage" tests="1" failures="0" timestamp="6 Apr 2019 10:46:00 GMT" time="7.687" errors="0">
  <testcase name="navigateTitle" time="7.687" classname="framworkpractice.ValidationPage"/>
</testsuite> <!-- framworkpractice.ValidationPage -->
