<?xml version="1.0" encoding="UTF-8"?>
<!-- Generated by org.testng.reporters.JUnitReportReporter -->
<testsuite hostname="DESKTOP-6VUTV55" name="framworkpractice.ValidateNavigation" tests="1" failures="0" timestamp="6 Apr 2019 10:46:00 GMT" time="3.762" errors="0">
  <testcase name="navigationBar" time="3.762" classname="framworkpractice.ValidateNavigation"/>
</testsuite> <!-- framworkpractice.ValidateNavigation -->
