<?xml version="1.0" encoding="UTF-8"?>
<!-- Generated by org.testng.reporters.JUnitReportReporter -->
<testsuite hostname="DESKTOP-6VUTV55" name="framworkpractice.HomePage" tests="2" failures="0" timestamp="4 Apr 2019 02:22:59 GMT" time="146.555" errors="0">
  <testcase name="navigate" time="84.200" classname="framworkpractice.HomePage"/>
  <testcase name="navigate" time="62.355" classname="framworkpractice.HomePage"/>
</testsuite> <!-- framworkpractice.HomePage -->
