<?xml version="1.0" encoding="UTF-8"?>
<!-- Generated by org.testng.reporters.JUnitReportReporter -->
<testsuite hostname="DESKTOP-6VUTV55" name="framworkpractice.ValidateNavigation" tests="1" failures="0" timestamp="4 Apr 2019 02:22:59 GMT" time="7.989" errors="0">
  <testcase name="navigationBar" time="7.989" classname="framworkpractice.ValidateNavigation"/>
</testsuite> <!-- framworkpractice.ValidateNavigation -->
