<?xml version="1.0" encoding="UTF-8"?>
<!-- Generated by org.testng.reporters.JUnitReportReporter -->
<testsuite skipped="0" hostname="DESKTOP-6VUTV55" name="restassuredprac.RestAssuredPOSTExample" tests="1" failures="0" timestamp="02 May 2019 11:07:53 GMT" time="3.986" errors="0">
  <testcase name="postexample" time="3.986" classname="restassuredprac.RestAssuredPOSTExample"/>
</testsuite> <!-- restassuredprac.RestAssuredPOSTExample -->
