<?xml version="1.0" encoding="UTF-8"?>
<!-- Generated by org.testng.reporters.JUnitReportReporter -->
<testsuite skipped="0" hostname="DESKTOP-6VUTV55" name="restassuredprac.AddandDeleteExample" tests="1" failures="0" timestamp="02 May 2019 17:22:56 GMT" time="3.471" errors="0">
  <testcase name="addanddeleteplace" time="3.471" classname="restassuredprac.AddandDeleteExample"/>
</testsuite> <!-- restassuredprac.AddandDeleteExample -->
