<?xml version="1.0" encoding="UTF-8"?>
<!-- Generated by org.testng.reporters.JUnitReportReporter -->
<testsuite skipped="0" hostname="DESKTOP-6VUTV55" name="restassuredprac.RestAssuredBasics" tests="1" failures="0" timestamp="02 May 2019 06:22:39 GMT" time="7.515" errors="0">
  <testcase name="Test1" time="7.515" classname="restassuredprac.RestAssuredBasics"/>
</testsuite> <!-- restassuredprac.RestAssuredBasics -->
