<?xml version="1.0" encoding="UTF-8"?>
<!-- Generated by org.testng.reporters.JUnitReportReporter -->
<testsuite skipped="0" hostname="DESKTOP-6VUTV55" name="qaclickacademy.SeleniumTest" tests="2" failures="0" timestamp="10 Mar 2019 12:59:31 GMT" time="0.031" errors="0">
  <testcase name="browser" time="0.031" classname="qaclickacademy.SeleniumTest"/>
  <testcase name="elements" time="0.000" classname="qaclickacademy.SeleniumTest"/>
</testsuite> <!-- qaclickacademy.SeleniumTest -->
